<?xml version="1.0" encoding="UTF-8"?>
<!-- Generated by org.testng.reporters.JUnitReportReporter -->
<testsuite hostname="DESKTOP-SPDP9HB" failures="0" tests="1" name="TestCases.AmazonTests" time="0.635" errors="0" timestamp="2024-02-18T14:50:46 TRT" skipped="0">
  <testcase classname="TestCases.AmazonTests" name="CustomerLogin" time="0.635"/>
  <system-out/>
</testsuite> <!-- TestCases.AmazonTests -->
