<?xml version="1.0" encoding="UTF-8"?>
<!-- Generated by org.testng.reporters.JUnitReportReporter -->
<testsuite hostname="DESKTOP-SPDP9HB" failures="0" tests="5" name="TestCases.BankTests" time="28.487" errors="0" timestamp="2024-02-18T19:41:16 TRT" skipped="0">
  <testcase classname="TestCases.BankTests" name="CustomerLogin" time="0.683"/>
  <system-out/>
  <testcase classname="TestCases.BankTests" name="AnyRandomName" time="0.360"/>
  <system-out/>
  <testcase classname="TestCases.BankTests" name="deposit" time="12.204"/>
  <system-out/>
  <testcase classname="TestCases.BankTests" name="Withdrawl" time="15.220"/>
  <system-out/>
  <testcase classname="TestCases.BankTests" name="checkBalance" time="0.020"/>
  <system-out/>
</testsuite> <!-- TestCases.BankTests -->
