<?xml version="1.0" encoding="UTF-8"?>
<!-- Generated by org.testng.reporters.JUnitReportReporter -->
<testsuite hostname="DESKTOP-SPDP9HB" failures="0" tests="9" name="TestCases.BankTests" time="6.831" errors="0" timestamp="2024-02-20T17:50:18 TRT" skipped="5">
  <testcase classname="TestCases.BankTests" name="BankManagerLogin" time="0.582"/>
  <system-out/>
  <testcase classname="TestCases.BankTests" name="AddOneCustomer" time="2.919"/>
  <system-out/>
  <testcase classname="TestCases.BankTests" name="openAccount" time="3.197"/>
  <system-out/>
  <testcase classname="TestCases.BankTests" name="deleteCustomer" time="0.133"/>
  <system-out/>
  <testcase classname="TestCases.BankTests" name="CustomerLogin">
    <skipped/>
  </testcase> <!-- CustomerLogin -->
  <system-out/>
  <testcase classname="TestCases.BankTests" name="Withdrawl">
    <skipped/>
  </testcase> <!-- Withdrawl -->
  <system-out/>
  <testcase classname="TestCases.BankTests" name="AnyRandomName">
    <skipped/>
  </testcase> <!-- AnyRandomName -->
  <system-out/>
  <testcase classname="TestCases.BankTests" name="deposit">
    <skipped/>
  </testcase> <!-- deposit -->
  <system-out/>
  <testcase classname="TestCases.BankTests" name="checkBalance">
    <skipped/>
  </testcase> <!-- checkBalance -->
  <system-out/>
</testsuite> <!-- TestCases.BankTests -->
